<?xml version="1.0" encoding="UTF-8"?>
<testng-results ignored="0" total="1" passed="1" failed="0" skipped="0">
  <reporter-output>
  </reporter-output>
  <suite started-at="2021-07-25T20:18:48 IST" name="runner.OpenMailAndValidateTheBody_Test" finished-at="2021-07-25T20:19:59 IST" duration-ms="70918">
    <groups>
      <group name="cucumber">
        <method signature="AbstractTestNGCucumberTests.feature(cucumber.api.testng.CucumberFeatureWrapper)[pri:0, instance:runner.OpenMailAndValidateTheBody_Test@6e2c9341]" name="feature" class="cucumber.api.testng.AbstractTestNGCucumberTests"/>
      </group> <!-- cucumber -->
    </groups>
    <test started-at="2021-07-25T20:18:48 IST" name="Command line test" finished-at="2021-07-25T20:19:59 IST" duration-ms="70918">
      <class name="runner.OpenMailAndValidateTheBody_Test">
        <test-method is-config="true" signature="setUpClass()[pri:0, instance:runner.OpenMailAndValidateTheBody_Test@6e2c9341]" started-at="2021-07-25T20:18:48 IST" name="setUpClass" finished-at="2021-07-25T20:18:48 IST" duration-ms="220" status="PASS">
          <reporter-output>
          </reporter-output>
        </test-method> <!-- setUpClass -->
        <test-method signature="feature(cucumber.api.testng.CucumberFeatureWrapper)[pri:0, instance:runner.OpenMailAndValidateTheBody_Test@6e2c9341]" started-at="2021-07-25T20:18:48 IST" name="feature" description="Runs Cucumber Feature" data-provider="features" finished-at="2021-07-25T20:19:58 IST" duration-ms="70313" status="PASS">
          <params>
            <param index="0">
              <value>
                <![CDATA[Test the Subject and Body from a mail by logging in to an gmail account]]>
              </value>
            </param>
          </params>
          <reporter-output>
          </reporter-output>
        </test-method> <!-- feature -->
        <test-method is-config="true" signature="writeExtentReport()[pri:0, instance:runner.OpenMailAndValidateTheBody_Test@6e2c9341]" started-at="2021-07-25T20:19:58 IST" name="writeExtentReport" finished-at="2021-07-25T20:19:58 IST" duration-ms="38" status="PASS">
          <reporter-output>
          </reporter-output>
        </test-method> <!-- writeExtentReport -->
        <test-method is-config="true" signature="tearDownClass()[pri:0, instance:runner.OpenMailAndValidateTheBody_Test@6e2c9341]" started-at="2021-07-25T20:19:58 IST" name="tearDownClass" finished-at="2021-07-25T20:19:59 IST" duration-ms="245" status="PASS">
          <reporter-output>
          </reporter-output>
        </test-method> <!-- tearDownClass -->
      </class> <!-- runner.OpenMailAndValidateTheBody_Test -->
    </test> <!-- Command line test -->
  </suite> <!-- runner.OpenMailAndValidateTheBody_Test -->
</testng-results>
